
--------------------------------------------------------------------------------
Start: 27-окт-2015 15:30:03
Component Name: Export to Shape File
Input Name: ssga.Земельные_участки
Information: 12 feature(s) successfully exported.
End: 27-окт-2015 15:30:03
--------------------------------------------------------------------------------

--------------------------------------------------------------------------------
Start: 27-окт-2015 15:30:03
Component Name: Export to Shape File
Input Name: ssga.Общежитие_Писарева_36
Information: 658 feature(s) successfully exported.
End: 27-окт-2015 15:30:03
--------------------------------------------------------------------------------

--------------------------------------------------------------------------------
Start: 27-окт-2015 15:30:03
Component Name: Export to Shape File
Input Name: ssga.Общежитие_Писарева_36_1
Information: 802 feature(s) successfully exported.
End: 27-окт-2015 15:30:03
--------------------------------------------------------------------------------

--------------------------------------------------------------------------------
Start: 27-окт-2015 15:30:03
Component Name: Export to Shape File
Input Name: ssga.Общежитие_Плахотного_8_1_Real
Information: 262 feature(s) successfully exported.
End: 27-окт-2015 15:30:03
--------------------------------------------------------------------------------

--------------------------------------------------------------------------------
Start: 27-окт-2015 15:30:04
Component Name: Export to Shape File
Input Name: ssga.Общежитие_Плахотного_8а_Real
Information: 274 feature(s) successfully exported.
End: 27-окт-2015 15:30:04
--------------------------------------------------------------------------------

--------------------------------------------------------------------------------
Start: 27-окт-2015 15:30:04
Component Name: Export to Shape File
Input Name: ssga.Объекты_недвижимости
Information: 64 feature(s) successfully exported.
End: 27-окт-2015 15:30:04
--------------------------------------------------------------------------------

--------------------------------------------------------------------------------
Start: 27-окт-2015 15:30:04
Component Name: Export to Shape File
Input Name: ssga.Техникум
Information: 207 feature(s) successfully exported.
End: 27-окт-2015 15:30:04
--------------------------------------------------------------------------------

--------------------------------------------------------------------------------
Start: 27-окт-2015 15:30:04
Component Name: Export to Shape File
Input Name: ssga.Учебный_комплекс_на_Плахотного
Information: 612 feature(s) successfully exported.
End: 27-окт-2015 15:30:04
--------------------------------------------------------------------------------

--------------------------------------------------------------------------------
Start: 27-окт-2015 15:30:04
Component Name: Export to Shape File
Input Name: ssga.Элементы_объектов_недвижимости
Information: 10 feature(s) successfully exported.
End: 27-окт-2015 15:30:04
--------------------------------------------------------------------------------
